mode: set
github.com/saraisanjuanesc/backpack-bcgow6-sarai-sanjuan/Go-Testing/Clase3M/internal/users/service.go:17.40,19.2 1 1
github.com/saraisanjuanesc/backpack-bcgow6-sarai-sanjuan/Go-Testing/Clase3M/internal/users/service.go:21.44,23.16 2 1
github.com/saraisanjuanesc/backpack-bcgow6-sarai-sanjuan/Go-Testing/Clase3M/internal/users/service.go:26.2,26.18 1 1
github.com/saraisanjuanesc/backpack-bcgow6-sarai-sanjuan/Go-Testing/Clase3M/internal/users/service.go:23.16,25.3 1 0
github.com/saraisanjuanesc/backpack-bcgow6-sarai-sanjuan/Go-Testing/Clase3M/internal/users/service.go:28.140,31.16 3 1
github.com/saraisanjuanesc/backpack-bcgow6-sarai-sanjuan/Go-Testing/Clase3M/internal/users/service.go:34.2,37.16 3 1
github.com/saraisanjuanesc/backpack-bcgow6-sarai-sanjuan/Go-Testing/Clase3M/internal/users/service.go:40.2,40.21 1 1
github.com/saraisanjuanesc/backpack-bcgow6-sarai-sanjuan/Go-Testing/Clase3M/internal/users/service.go:31.16,33.3 1 0
github.com/saraisanjuanesc/backpack-bcgow6-sarai-sanjuan/Go-Testing/Clase3M/internal/users/service.go:37.16,39.3 1 0
github.com/saraisanjuanesc/backpack-bcgow6-sarai-sanjuan/Go-Testing/Clase3M/internal/users/service.go:43.149,45.2 1 1
github.com/saraisanjuanesc/backpack-bcgow6-sarai-sanjuan/Go-Testing/Clase3M/internal/users/service.go:47.40,49.2 1 1
github.com/saraisanjuanesc/backpack-bcgow6-sarai-sanjuan/Go-Testing/Clase3M/internal/users/service.go:51.91,53.2 1 1
github.com/saraisanjuanesc/backpack-bcgow6-sarai-sanjuan/Go-Testing/Clase3M/internal/users/mock_store.go:11.52,14.9 3 1
github.com/saraisanjuanesc/backpack-bcgow6-sarai-sanjuan/Go-Testing/Clase3M/internal/users/mock_store.go:17.2,18.12 2 1
github.com/saraisanjuanesc/backpack-bcgow6-sarai-sanjuan/Go-Testing/Clase3M/internal/users/mock_store.go:14.9,16.3 1 0
github.com/saraisanjuanesc/backpack-bcgow6-sarai-sanjuan/Go-Testing/Clase3M/internal/users/mock_store.go:21.53,24.9 3 1
github.com/saraisanjuanesc/backpack-bcgow6-sarai-sanjuan/Go-Testing/Clase3M/internal/users/mock_store.go:27.2,28.12 2 1
github.com/saraisanjuanesc/backpack-bcgow6-sarai-sanjuan/Go-Testing/Clase3M/internal/users/mock_store.go:24.9,26.3 1 0
github.com/saraisanjuanesc/backpack-bcgow6-sarai-sanjuan/Go-Testing/Clase3M/internal/users/repository.go:34.47,38.2 1 1
github.com/saraisanjuanesc/backpack-bcgow6-sarai-sanjuan/Go-Testing/Clase3M/internal/users/repository.go:40.57,42.16 2 1
github.com/saraisanjuanesc/backpack-bcgow6-sarai-sanjuan/Go-Testing/Clase3M/internal/users/repository.go:45.2,45.19 1 1
github.com/saraisanjuanesc/backpack-bcgow6-sarai-sanjuan/Go-Testing/Clase3M/internal/users/repository.go:42.16,44.3 1 0
github.com/saraisanjuanesc/backpack-bcgow6-sarai-sanjuan/Go-Testing/Clase3M/internal/users/repository.go:47.151,50.16 3 1
github.com/saraisanjuanesc/backpack-bcgow6-sarai-sanjuan/Go-Testing/Clase3M/internal/users/repository.go:53.2,56.45 3 1
github.com/saraisanjuanesc/backpack-bcgow6-sarai-sanjuan/Go-Testing/Clase3M/internal/users/repository.go:59.2,60.16 2 1
github.com/saraisanjuanesc/backpack-bcgow6-sarai-sanjuan/Go-Testing/Clase3M/internal/users/repository.go:50.16,52.3 1 0
github.com/saraisanjuanesc/backpack-bcgow6-sarai-sanjuan/Go-Testing/Clase3M/internal/users/repository.go:56.45,58.3 1 0
github.com/saraisanjuanesc/backpack-bcgow6-sarai-sanjuan/Go-Testing/Clase3M/internal/users/repository.go:63.44,66.16 3 1
github.com/saraisanjuanesc/backpack-bcgow6-sarai-sanjuan/Go-Testing/Clase3M/internal/users/repository.go:70.2,70.25 1 1
github.com/saraisanjuanesc/backpack-bcgow6-sarai-sanjuan/Go-Testing/Clase3M/internal/users/repository.go:73.2,74.44 2 1
github.com/saraisanjuanesc/backpack-bcgow6-sarai-sanjuan/Go-Testing/Clase3M/internal/users/repository.go:66.16,68.3 1 0
github.com/saraisanjuanesc/backpack-bcgow6-sarai-sanjuan/Go-Testing/Clase3M/internal/users/repository.go:70.25,72.3 1 1
github.com/saraisanjuanesc/backpack-bcgow6-sarai-sanjuan/Go-Testing/Clase3M/internal/users/repository.go:77.152,89.16 5 1
github.com/saraisanjuanesc/backpack-bcgow6-sarai-sanjuan/Go-Testing/Clase3M/internal/users/repository.go:92.2,92.27 1 1
github.com/saraisanjuanesc/backpack-bcgow6-sarai-sanjuan/Go-Testing/Clase3M/internal/users/repository.go:99.2,99.11 1 1
github.com/saraisanjuanesc/backpack-bcgow6-sarai-sanjuan/Go-Testing/Clase3M/internal/users/repository.go:102.2,102.45 1 1
github.com/saraisanjuanesc/backpack-bcgow6-sarai-sanjuan/Go-Testing/Clase3M/internal/users/repository.go:105.2,105.16 1 1
github.com/saraisanjuanesc/backpack-bcgow6-sarai-sanjuan/Go-Testing/Clase3M/internal/users/repository.go:89.16,91.3 1 0
github.com/saraisanjuanesc/backpack-bcgow6-sarai-sanjuan/Go-Testing/Clase3M/internal/users/repository.go:92.27,93.28 1 1
github.com/saraisanjuanesc/backpack-bcgow6-sarai-sanjuan/Go-Testing/Clase3M/internal/users/repository.go:93.28,97.4 3 1
github.com/saraisanjuanesc/backpack-bcgow6-sarai-sanjuan/Go-Testing/Clase3M/internal/users/repository.go:99.11,101.3 1 1
github.com/saraisanjuanesc/backpack-bcgow6-sarai-sanjuan/Go-Testing/Clase3M/internal/users/repository.go:102.45,104.3 1 0
github.com/saraisanjuanesc/backpack-bcgow6-sarai-sanjuan/Go-Testing/Clase3M/internal/users/repository.go:108.43,112.16 4 1
github.com/saraisanjuanesc/backpack-bcgow6-sarai-sanjuan/Go-Testing/Clase3M/internal/users/repository.go:115.2,116.27 2 1
github.com/saraisanjuanesc/backpack-bcgow6-sarai-sanjuan/Go-Testing/Clase3M/internal/users/repository.go:123.2,123.13 1 1
github.com/saraisanjuanesc/backpack-bcgow6-sarai-sanjuan/Go-Testing/Clase3M/internal/users/repository.go:126.2,127.45 2 1
github.com/saraisanjuanesc/backpack-bcgow6-sarai-sanjuan/Go-Testing/Clase3M/internal/users/repository.go:130.2,130.12 1 1
github.com/saraisanjuanesc/backpack-bcgow6-sarai-sanjuan/Go-Testing/Clase3M/internal/users/repository.go:112.16,114.3 1 0
github.com/saraisanjuanesc/backpack-bcgow6-sarai-sanjuan/Go-Testing/Clase3M/internal/users/repository.go:116.27,117.28 1 1
github.com/saraisanjuanesc/backpack-bcgow6-sarai-sanjuan/Go-Testing/Clase3M/internal/users/repository.go:117.28,120.4 2 1
github.com/saraisanjuanesc/backpack-bcgow6-sarai-sanjuan/Go-Testing/Clase3M/internal/users/repository.go:123.13,125.3 1 1
github.com/saraisanjuanesc/backpack-bcgow6-sarai-sanjuan/Go-Testing/Clase3M/internal/users/repository.go:127.45,129.3 1 0
github.com/saraisanjuanesc/backpack-bcgow6-sarai-sanjuan/Go-Testing/Clase3M/internal/users/repository.go:133.94,138.16 5 1
github.com/saraisanjuanesc/backpack-bcgow6-sarai-sanjuan/Go-Testing/Clase3M/internal/users/repository.go:141.2,141.27 1 1
github.com/saraisanjuanesc/backpack-bcgow6-sarai-sanjuan/Go-Testing/Clase3M/internal/users/repository.go:149.2,149.13 1 1
github.com/saraisanjuanesc/backpack-bcgow6-sarai-sanjuan/Go-Testing/Clase3M/internal/users/repository.go:152.2,152.45 1 1
github.com/saraisanjuanesc/backpack-bcgow6-sarai-sanjuan/Go-Testing/Clase3M/internal/users/repository.go:155.2,155.16 1 1
github.com/saraisanjuanesc/backpack-bcgow6-sarai-sanjuan/Go-Testing/Clase3M/internal/users/repository.go:138.16,140.3 1 0
github.com/saraisanjuanesc/backpack-bcgow6-sarai-sanjuan/Go-Testing/Clase3M/internal/users/repository.go:141.27,142.28 1 1
github.com/saraisanjuanesc/backpack-bcgow6-sarai-sanjuan/Go-Testing/Clase3M/internal/users/repository.go:142.28,147.4 4 1
github.com/saraisanjuanesc/backpack-bcgow6-sarai-sanjuan/Go-Testing/Clase3M/internal/users/repository.go:149.13,151.3 1 1
github.com/saraisanjuanesc/backpack-bcgow6-sarai-sanjuan/Go-Testing/Clase3M/internal/users/repository.go:152.45,154.3 1 0
